nohup: ignoring input
INFO:     Will watch for changes in these directories: ['/data/data/com.termux/files/home/Sudan-mining-hub']
INFO:     Uvicorn running on http://127.0.0.1:8000 (Press CTRL+C to quit)
INFO:     Started reloader process [28161] using StatReload
INFO:     Started server process [28165]
INFO:     Waiting for application startup.
INFO:     Application startup complete.
INFO:     127.0.0.1:38364 - "POST /auth/login HTTP/1.1" 401 Unauthorized
WARNING:  StatReload detected changes in 'app/routers/auth.py'. Reloading...
INFO:     Shutting down
INFO:     Waiting for application shutdown.
INFO:     Application shutdown complete.
INFO:     Finished server process [28165]
INFO:     Started server process [28631]
INFO:     Waiting for application startup.
INFO:     Application startup complete.
INFO:     127.0.0.1:32782 - "POST /auth/login HTTP/1.1" 401 Unauthorized
WARNING:  StatReload detected changes in 'app/routers/auth.py'. Reloading...
INFO:     Shutting down
INFO:     Waiting for application shutdown.
INFO:     Application shutdown complete.
INFO:     Finished server process [28631]
INFO:     Started server process [29247]
INFO:     Waiting for application startup.
INFO:     Application startup complete.
INFO:     127.0.0.1:59010 - "POST /auth/login HTTP/1.1" 401 Unauthorized
WARNING:  StatReload detected changes in 'app/routers/auth.py'. Reloading...
INFO:     Shutting down
INFO:     Waiting for application shutdown.
INFO:     Application shutdown complete.
INFO:     Finished server process [29247]
INFO:     Started server process [29882]
INFO:     Waiting for application startup.
INFO:     Application startup complete.
INFO:     127.0.0.1:40088 - "POST /auth/login HTTP/1.1" 401 Unauthorized
INFO:     127.0.0.1:44984 - "POST /auth/login HTTP/1.1" 401 Unauthorized
WARNING:  StatReload detected changes in 'routers/auth.py'. Reloading...
INFO:     Shutting down
INFO:     Waiting for application shutdown.
INFO:     Application shutdown complete.
INFO:     Finished server process [29882]
INFO:     Started server process [31206]
INFO:     Waiting for application startup.
INFO:     Application startup complete.
📥 CALLING AUTH -> username: admin@test.com
🔍 LOGIN_TRACE -> email: admin@test.com | password: admin123
INFO:     127.0.0.1:54372 - "POST /auth/login HTTP/1.1" 401 Unauthorized
WARNING:  StatReload detected changes in 'routers/auth.py'. Reloading...
INFO:     Shutting down
INFO:     Waiting for application shutdown.
INFO:     Application shutdown complete.
INFO:     Finished server process [31206]
INFO:     Started server process [31920]
INFO:     Waiting for application startup.
INFO:     Application startup complete.
📥 CALLING AUTH -> username: admin@test.com
🔍 LOGIN_TRACE -> email: admin@test.com | password: admin123
INFO:     127.0.0.1:52860 - "POST /auth/login HTTP/1.1" 401 Unauthorized
WARNING:  StatReload detected changes in 'routers/auth.py'. Reloading...
INFO:     Shutting down
INFO:     Waiting for application shutdown.
INFO:     Application shutdown complete.
INFO:     Finished server process [31920]
INFO:     Started server process [32337]
INFO:     Waiting for application startup.
INFO:     Application startup complete.
📥 CALLING AUTH -> username: admin@test.com
🔍 LOGIN_TRACE -> email: admin@test.com | password: admin123
INFO:     127.0.0.1:55958 - "POST /auth/login HTTP/1.1" 401 Unauthorized
WARNING:  StatReload detected changes in 'routers/auth.py'. Reloading...
INFO:     Shutting down
INFO:     Waiting for application shutdown.
INFO:     Application shutdown complete.
INFO:     Finished server process [32337]
INFO:     Started server process [1038]
INFO:     Waiting for application startup.
INFO:     Application startup complete.
📥 فحص دخول للبريد: admin@test.com
✅ تطابق كلمة المرور بنجاح!
INFO:     127.0.0.1:35846 - "POST /auth/login HTTP/1.1" 200 OK
WARNING:  StatReload detected changes in 'database.py'. Reloading...
INFO:     Shutting down
INFO:     Waiting for application shutdown.
INFO:     Application shutdown complete.
INFO:     Finished server process [1038]
Process SpawnProcess-9:
Traceback (most recent call last):
  File "/data/data/com.termux/files/usr/lib/python3.13/multiprocessing/process.py", line 313, in _bootstrap
    self.run()
    ~~~~~~~~^^
  File "/data/data/com.termux/files/usr/lib/python3.13/multiprocessing/process.py", line 108, in run
    self._target(*self._args, **self._kwargs)
    ~~~~~~~~~~~~^^^^^^^^^^^^^^^^^^^^^^^^^^^^^
  File "/data/data/com.termux/files/usr/lib/python3.13/site-packages/uvicorn/_subprocess.py", line 80, in subprocess_started
    target(sockets=sockets)
    ~~~~~~^^^^^^^^^^^^^^^^^
  File "/data/data/com.termux/files/usr/lib/python3.13/site-packages/uvicorn/server.py", line 66, in run
    return asyncio.run(self.serve(sockets=sockets))
           ~~~~~~~~~~~^^^^^^^^^^^^^^^^^^^^^^^^^^^^^
  File "/data/data/com.termux/files/usr/lib/python3.13/asyncio/runners.py", line 195, in run
    return runner.run(main)
           ~~~~~~~~~~^^^^^^
  File "/data/data/com.termux/files/usr/lib/python3.13/asyncio/runners.py", line 118, in run
    return self._loop.run_until_complete(task)
           ~~~~~~~~~~~~~~~~~~~~~~~~~~~~~^^^^^^
  File "/data/data/com.termux/files/usr/lib/python3.13/asyncio/base_events.py", line 725, in run_until_complete
    return future.result()
           ~~~~~~~~~~~~~^^
  File "/data/data/com.termux/files/usr/lib/python3.13/site-packages/uvicorn/server.py", line 70, in serve
    await self._serve(sockets)
  File "/data/data/com.termux/files/usr/lib/python3.13/site-packages/uvicorn/server.py", line 77, in _serve
    config.load()
    ~~~~~~~~~~~^^
  File "/data/data/com.termux/files/usr/lib/python3.13/site-packages/uvicorn/config.py", line 435, in load
    self.loaded_app = import_from_string(self.app)
                      ~~~~~~~~~~~~~~~~~~^^^^^^^^^^
  File "/data/data/com.termux/files/usr/lib/python3.13/site-packages/uvicorn/importer.py", line 19, in import_from_string
    module = importlib.import_module(module_str)
  File "/data/data/com.termux/files/usr/lib/python3.13/importlib/__init__.py", line 88, in import_module
    return _bootstrap._gcd_import(name[level:], package, level)
           ~~~~~~~~~~~~~~~~~~~~~~^^^^^^^^^^^^^^^^^^^^^^^^^^^^^^
  File "<frozen importlib._bootstrap>", line 1395, in _gcd_import
  File "<frozen importlib._bootstrap>", line 1360, in _find_and_load
  File "<frozen importlib._bootstrap>", line 1331, in _find_and_load_unlocked
  File "<frozen importlib._bootstrap>", line 935, in _load_unlocked
  File "<frozen importlib._bootstrap_external>", line 1023, in exec_module
  File "<frozen importlib._bootstrap>", line 488, in _call_with_frames_removed
  File "/data/data/com.termux/files/home/Sudan-mining-hub/app/main.py", line 5, in <module>
    from routers import auth, admin, buyer, seller
  File "/data/data/com.termux/files/home/Sudan-mining-hub/routers/admin.py", line 3, in <module>
    from database import get_user_from_cookie, users_db
ImportError: cannot import name 'users_db' from 'database' (/data/data/com.termux/files/home/Sudan-mining-hub/database.py)
WARNING:  StatReload detected changes in 'routers/auth.py'. Reloading...
Process SpawnProcess-10:
Traceback (most recent call last):
  File "/data/data/com.termux/files/usr/lib/python3.13/multiprocessing/process.py", line 313, in _bootstrap
    self.run()
    ~~~~~~~~^^
  File "/data/data/com.termux/files/usr/lib/python3.13/multiprocessing/process.py", line 108, in run
    self._target(*self._args, **self._kwargs)
    ~~~~~~~~~~~~^^^^^^^^^^^^^^^^^^^^^^^^^^^^^
  File "/data/data/com.termux/files/usr/lib/python3.13/site-packages/uvicorn/_subprocess.py", line 80, in subprocess_started
    target(sockets=sockets)
    ~~~~~~^^^^^^^^^^^^^^^^^
  File "/data/data/com.termux/files/usr/lib/python3.13/site-packages/uvicorn/server.py", line 66, in run
    return asyncio.run(self.serve(sockets=sockets))
           ~~~~~~~~~~~^^^^^^^^^^^^^^^^^^^^^^^^^^^^^
  File "/data/data/com.termux/files/usr/lib/python3.13/asyncio/runners.py", line 195, in run
    return runner.run(main)
           ~~~~~~~~~~^^^^^^
  File "/data/data/com.termux/files/usr/lib/python3.13/asyncio/runners.py", line 118, in run
    return self._loop.run_until_complete(task)
           ~~~~~~~~~~~~~~~~~~~~~~~~~~~~~^^^^^^
  File "/data/data/com.termux/files/usr/lib/python3.13/asyncio/base_events.py", line 725, in run_until_complete
    return future.result()
           ~~~~~~~~~~~~~^^
  File "/data/data/com.termux/files/usr/lib/python3.13/site-packages/uvicorn/server.py", line 70, in serve
    await self._serve(sockets)
  File "/data/data/com.termux/files/usr/lib/python3.13/site-packages/uvicorn/server.py", line 77, in _serve
    config.load()
    ~~~~~~~~~~~^^
  File "/data/data/com.termux/files/usr/lib/python3.13/site-packages/uvicorn/config.py", line 435, in load
    self.loaded_app = import_from_string(self.app)
                      ~~~~~~~~~~~~~~~~~~^^^^^^^^^^
  File "/data/data/com.termux/files/usr/lib/python3.13/site-packages/uvicorn/importer.py", line 19, in import_from_string
    module = importlib.import_module(module_str)
  File "/data/data/com.termux/files/usr/lib/python3.13/importlib/__init__.py", line 88, in import_module
    return _bootstrap._gcd_import(name[level:], package, level)
           ~~~~~~~~~~~~~~~~~~~~~~^^^^^^^^^^^^^^^^^^^^^^^^^^^^^^
  File "<frozen importlib._bootstrap>", line 1395, in _gcd_import
  File "<frozen importlib._bootstrap>", line 1360, in _find_and_load
  File "<frozen importlib._bootstrap>", line 1331, in _find_and_load_unlocked
  File "<frozen importlib._bootstrap>", line 935, in _load_unlocked
  File "<frozen importlib._bootstrap_external>", line 1023, in exec_module
  File "<frozen importlib._bootstrap>", line 488, in _call_with_frames_removed
  File "/data/data/com.termux/files/home/Sudan-mining-hub/app/main.py", line 5, in <module>
    from routers import auth, admin, buyer, seller
  File "/data/data/com.termux/files/home/Sudan-mining-hub/routers/admin.py", line 3, in <module>
    from database import get_user_from_cookie, users_db
ImportError: cannot import name 'users_db' from 'database' (/data/data/com.termux/files/home/Sudan-mining-hub/database.py)
WARNING:  StatReload detected changes in 'routers/admin.py'. Reloading...
INFO:     Started server process [10240]
INFO:     Waiting for application startup.
INFO:     Application startup complete.
WARNING:  StatReload detected changes in 'database.py'. Reloading...
INFO:     Shutting down
INFO:     Waiting for application shutdown.
INFO:     Application shutdown complete.
INFO:     Finished server process [10240]
INFO:     Started server process [10747]
INFO:     Waiting for application startup.
INFO:     Application startup complete.
INFO:     Shutting down
INFO:     Waiting for application shutdown.
INFO:     Application shutdown complete.
INFO:     Finished server process [10747]
INFO:     Stopping reloader process [28161]
